
compare.elf:     file format elf32-littlearm


Disassembly of section .text:

20000000 <start>:
start:	LDR	R0,=0x55555555
20000000:	4806      	ldr	r0, [pc, #24]	; (2000001c <main_2+0x4>)
	LDR	R1,=0x40020C00
20000002:	4907      	ldr	r1, [pc, #28]	; (20000020 <main_2+0x8>)
	STR	R0,[R1]
20000004:	6008      	str	r0, [r1, #0]
	
	LDR	R5,=0x40020C14
20000006:	4d07      	ldr	r5, [pc, #28]	; (20000024 <main_2+0xc>)
	LDR	R6,=0x40021010
20000008:	4e07      	ldr	r6, [pc, #28]	; (20000028 <main_2+0x10>)

2000000a <main>:

main:	LDRB	R0,[R6]
2000000a:	7830      	ldrb	r0, [r6, #0]
	LDRB	R1,[R6, #1]
2000000c:	7871      	ldrb	r1, [r6, #1]
	CMP	R0, R1
2000000e:	4288      	cmp	r0, r1
	BGT	main_1
20000010:	dc01      	bgt.n	20000016 <main_1>
	MOV	R0, #0
20000012:	2000      	movs	r0, #0
	B	main_2
20000014:	e000      	b.n	20000018 <main_2>

20000016 <main_1>:

main_1:	MOV	R0, #0xFF
20000016:	20ff      	movs	r0, #255	; 0xff

20000018 <main_2>:
main_2:	STRB	R0, [R5]
20000018:	7028      	strb	r0, [r5, #0]
	B	main
2000001a:	e7f6      	b.n	2000000a <main>
2000001c:	55555555 	.word	0x55555555
20000020:	40020c00 	.word	0x40020c00
20000024:	40020c14 	.word	0x40020c14
20000028:	40021010 	.word	0x40021010