
uppgift2.4.elf:     file format elf32-littlearm


Disassembly of section .text:

20000000 <i>:
i:	.WORD	0x01
s:	.HWORD	0x01
c:	.BYTE	0x80


	LDR	R1, =c
20000000:	00000001 	.word	0x00000001

20000004 <s>:
20000004:	0001      	.short	0x0001

20000006 <c>:
20000006:	80          	.byte	0x80
20000007:	4903      	ldr	r1, [pc, #12]	; (20000014 <c+0xe>)
	LDR	R2, =s
20000009:	4a03      	ldr	r2, [pc, #12]	; (20000018 <c+0x12>)
	LDR	R3, =0
2000000b:	2300      	movs	r3, #0
	LDRSB	R0, [R1, R3]
2000000d:	56c8      	ldrsb	r0, [r1, r3]
	STRH	R0, [R2]
2000000f:	8010      	strh	r0, [r2, #0]
20000011:	00          	.byte	0x00
20000012:	0000      	.short	0x0000
20000014:	20000006 	.word	0x20000006
20000018:	20000004 	.word	0x20000004