
Uppgift2.6.elf:     file format elf32-littlearm


Disassembly of section .text:

20000000 <start>:
@ varför vill de i boken
@ döpa filen till mom5.asm
@ när det är uppg 2.6? smh

start:
	LDR 	R6, =0x55555555 @D som ut
20000000:	4e04      	ldr	r6, [pc, #16]	; (20000014 <main+0xa>)
	LDR 	R5, =0x40020C00
20000002:	4d05      	ldr	r5, [pc, #20]	; (20000018 <main+0xe>)
	STR	R6, [R5]
20000004:	602e      	str	r6, [r5, #0]
@adressen till port Ds ut data register till R5
	LDR 	R5, =0x40020C14
20000006:	4d05      	ldr	r5, [pc, #20]	; (2000001c <main+0x12>)
@adressen till port Es in dataregister till R6
	LDR	R6, =0x40021010
20000008:	4e05      	ldr	r6, [pc, #20]	; (20000020 <main+0x16>)

2000000a <main>:

main:
	LDRB	R0, [R6] @read PE0-E7
2000000a:	7830      	ldrb	r0, [r6, #0]
	LDRB	R1, [R6, #1] @read PE8-E15
2000000c:	7871      	ldrb	r1, [r6, #1]
	ADD	R0, R0, R1
2000000e:	1840      	adds	r0, r0, r1
	STRH	R0, [R5]
20000010:	8028      	strh	r0, [r5, #0]
	B 	main
20000012:	e7fa      	b.n	2000000a <main>
20000014:	55555555 	.word	0x55555555
20000018:	40020c00 	.word	0x40020c00
2000001c:	40020c14 	.word	0x40020c14
20000020:	40021010 	.word	0x40021010