
uppgift2.3.elf:     file format elf32-littlearm


Disassembly of section .text:

20000000 <start>:
start:
	LDR	R1, =c
20000000:	4908      	ldr	r1, [pc, #32]	; (20000024 <c+0xa>)
	LDRB	R0, ='A'
20000002:	2041      	movs	r0, #65	; 0x41
	STRB	R0, [R1]
20000004:	7008      	strb	r0, [r1, #0]
	LDR	R1, =s
20000006:	4908      	ldr	r1, [pc, #32]	; (20000028 <c+0xe>)
	LDRH	R0, =1000
20000008:	4808      	ldr	r0, [pc, #32]	; (2000002c <c+0x12>)
	STRH	R0, [R1]
2000000a:	8008      	strh	r0, [r1, #0]
	LDR	R1, =i
2000000c:	4908      	ldr	r1, [pc, #32]	; (20000030 <c+0x16>)
	LDR	R0, =100000
2000000e:	4809      	ldr	r0, [pc, #36]	; (20000034 <c+0x1a>)
	STR	R0, [R1]
20000010:	6008      	str	r0, [r1, #0]
20000012:	46c0      	nop			; (mov r8, r8)

20000014 <i>:
20000014:	00000000 	.word	0x00000000

20000018 <s>:
	...

2000001a <c>:
2000001a:	00          	.byte	0x00
i:	.SPACE	4
s:	.SPACE	2
c:	.SPACE	1


	LDR	R1,=s
2000001b:	4903      	ldr	r1, [pc, #12]	; (20000028 <c+0xe>)
	LDR	R2,=c
2000001d:	4a01      	ldr	r2, [pc, #4]	; (20000024 <c+0xa>)
	LDRH	R0, [R1]
2000001f:	8808      	ldrh	r0, [r1, #0]
	STRB	R0, [R2]
20000021:	7010      	strb	r0, [r2, #0]
20000023:	00          	.byte	0x00
20000024:	2000001a 	.word	0x2000001a
20000028:	20000018 	.word	0x20000018
2000002c:	000003e8 	.word	0x000003e8
20000030:	20000014 	.word	0x20000014
20000034:	000186a0 	.word	0x000186a0