
uppgift2.6Signed.elf:     file format elf32-littlearm


Disassembly of section .text:

20000000 <start>:
@ varför vill de i boken
@ döpa filen till mom5.asm
@ när det är uppg 2.6? smh

start:
	LDR 	R6, =0x55555555 @D som ut
20000000:	4e05      	ldr	r6, [pc, #20]	; (20000018 <main+0xe>)
	LDR 	R5, =0x40020C00
20000002:	4d06      	ldr	r5, [pc, #24]	; (2000001c <main+0x12>)
	STR	R6, [R5]
20000004:	602e      	str	r6, [r5, #0]
@adressen till port Ds ut data register till R5
	LDR 	R5, =0x40020C14
20000006:	4d06      	ldr	r5, [pc, #24]	; (20000020 <main+0x16>)
@adressen till port Es in dataregister till R6
	LDR	R6, =0x40021010
20000008:	4e06      	ldr	r6, [pc, #24]	; (20000024 <main+0x1a>)

2000000a <main>:

main:
	LDR 	R3, =0
2000000a:	2300      	movs	r3, #0
	LDRSB	R0, [R6, R3] @read PE0-E7
2000000c:	56f0      	ldrsb	r0, [r6, r3]
	LDR	R3, =1
2000000e:	2301      	movs	r3, #1
	LDRSB	R1, [R6, R3] @read PE8-E15
20000010:	56f1      	ldrsb	r1, [r6, r3]
	ADD	R0, R0, R1
20000012:	1840      	adds	r0, r0, r1
	STRH	R0, [R5]
20000014:	8028      	strh	r0, [r5, #0]
	B 	main
20000016:	e7f8      	b.n	2000000a <main>
20000018:	55555555 	.word	0x55555555
2000001c:	40020c00 	.word	0x40020c00
20000020:	40020c14 	.word	0x40020c14
20000024:	40021010 	.word	0x40021010